Build started 6/14/2012 5:30:25 PM.
     1>Project "H:\CSCE315Project\dbapp\dbapp\dbapp.vcxproj" on node 2 (build target(s)).
     1>InitializeBuildStatus:
         Creating "Debug\dbapp.unsuccessfulbuild" because "AlwaysCreate" was specified.
       ClCompile:
         c:\Program Files (x86)\Microsoft Visual Studio 10.0\VC\bin\CL.exe /c /ZI /nologo /W3 /WX- /Od /Oy- /Gm /EHsc /RTC1 /MDd /GS /fp:precise /Zc:wchar_t /Zc:forScope /Fo"Debug\\" /Fd"Debug\vc100.pdb" /Gd /TP /analyze- /errorReport:prompt ..\..\dvd_dbms.cpp
         dvd_dbms.cpp
     1>h:\csce315project\attribute.h(68): warning C4018: '<' : signed/unsigned mismatch
     1>h:\csce315project\attribute.h(69): warning C4018: '<' : signed/unsigned mismatch
     1>h:\csce315project\relation.h(51): warning C4018: '<' : signed/unsigned mismatch
     1>h:\csce315project\relation.h(65): warning C4018: '<' : signed/unsigned mismatch
     1>h:\csce315project\relation.h(73): warning C4018: '<' : signed/unsigned mismatch
     1>h:\csce315project\relation.h(114): warning C4018: '<' : signed/unsigned mismatch
     1>h:\csce315project\relation.h(126): warning C4018: '<' : signed/unsigned mismatch
     1>h:\csce315project\relation.h(155): warning C4018: '<' : signed/unsigned mismatch
     1>h:\csce315project\relation.h(160): warning C4018: '<' : signed/unsigned mismatch
     1>h:\csce315project\relation.h(161): warning C4018: '<' : signed/unsigned mismatch
     1>h:\csce315project\relation.h(173): warning C4018: '<' : signed/unsigned mismatch
     1>h:\csce315project\relation.h(211): warning C4018: '<' : signed/unsigned mismatch
     1>h:\csce315project\relation.h(247): warning C4101: 'equal' : unreferenced local variable
     1>h:\csce315project\relation.h(262): warning C4018: '<' : signed/unsigned mismatch
     1>h:\csce315project\relation.h(266): warning C4018: '<' : signed/unsigned mismatch
     1>h:\csce315project\relation.h(282): warning C4018: '<' : signed/unsigned mismatch
     1>h:\csce315project\relation.h(286): warning C4018: '<' : signed/unsigned mismatch
     1>h:\csce315project\relation.h(300): warning C4018: '<' : signed/unsigned mismatch
     1>h:\csce315project\relation.h(312): warning C4018: '<' : signed/unsigned mismatch
     1>h:\csce315project\relation.h(314): warning C4018: '<' : signed/unsigned mismatch
     1>h:\csce315project\relation.h(335): warning C4018: '<' : signed/unsigned mismatch
     1>h:\csce315project\relation.h(341): warning C4018: '<' : signed/unsigned mismatch
     1>h:\csce315project\relation.h(352): warning C4018: '<' : signed/unsigned mismatch
     1>h:\csce315project\relation.h(354): warning C4018: '<' : signed/unsigned mismatch
     1>h:\csce315project\relation.h(388): warning C4018: '<' : signed/unsigned mismatch
     1>h:\csce315project\relation.h(392): warning C4018: '<' : signed/unsigned mismatch
     1>h:\csce315project\relation.h(400): warning C4101: 'index' : unreferenced local variable
     1>h:\csce315project\condconjcompop.h(43): warning C4018: '<' : signed/unsigned mismatch
     1>h:\csce315project\condconjcompop.h(52): warning C4018: '<' : signed/unsigned mismatch
     1>h:\csce315project\dbms.h(186): warning C4101: 'currentChar' : unreferenced local variable
     1>h:\csce315project\dbms.h(232): warning C4018: '<' : signed/unsigned mismatch
     1>h:\csce315project\dbms.h(372): warning C4101: 'currentChar' : unreferenced local variable
     1>h:\csce315project\dbms.h(412): warning C4101: 'currentChar' : unreferenced local variable
     1>h:\csce315project\dbms.h(1045): warning C4018: '<' : signed/unsigned mismatch
     1>h:\csce315project\dbms.h(1052): warning C4018: '<' : signed/unsigned mismatch
     1>h:\csce315project\dbms.h(1050): warning C4930: 'std::vector<_Ty> passedTupInds(void)': prototyped function not called (was a variable definition intended?)
                 with
                 [
                     _Ty=int
                 ]
     1>h:\csce315project\dbms.h(1095): warning C4018: '<' : signed/unsigned mismatch
     1>h:\csce315project\dbms.h(1115): warning C4018: '<' : signed/unsigned mismatch
     1>h:\csce315project\dbms.h(1162): warning C4018: '>=' : signed/unsigned mismatch
     1>h:\csce315project\dbms.h(1326): warning C4018: '<' : signed/unsigned mismatch
     1>h:\csce315project\dbms.h(1402): warning C4018: '<' : signed/unsigned mismatch
     1>h:\csce315project\dbms.h(1818): warning C4018: '<' : signed/unsigned mismatch
     1>h:\csce315project\dbms.h(1825): warning C4018: '<' : signed/unsigned mismatch
     1>h:\csce315project\dvd_dbms.cpp(180): warning C4244: 'argument' : conversion from 'time_t' to 'int', possible loss of data
     1>h:\csce315project\dvd_dbms.cpp(180): warning C4996: 'itoa': The POSIX name for this item is deprecated. Instead, use the ISO C++ conformant name: _itoa. See online help for details.
                 c:\program files (x86)\microsoft visual studio 10.0\vc\include\stdlib.h(867) : see declaration of 'itoa'
     1>h:\csce315project\dvd_dbms.cpp(322): warning C4390: ';' : empty controlled statement found; is this the intent?
     1>h:\csce315project\dvd_dbms.cpp(384): warning C4244: 'argument' : conversion from 'time_t' to 'int', possible loss of data
     1>h:\csce315project\dvd_dbms.cpp(384): warning C4996: 'itoa': The POSIX name for this item is deprecated. Instead, use the ISO C++ conformant name: _itoa. See online help for details.
                 c:\program files (x86)\microsoft visual studio 10.0\vc\include\stdlib.h(867) : see declaration of 'itoa'
     1>h:\csce315project\dvd_dbms.cpp(513): warning C4390: ';' : empty controlled statement found; is this the intent?
     1>h:\csce315project\dvd_dbms.cpp(633): warning C4996: 'localtime': This function or variable may be unsafe. Consider using localtime_s instead. To disable deprecation, use _CRT_SECURE_NO_WARNINGS. See online help for details.
                 c:\program files (x86)\microsoft visual studio 10.0\vc\include\time.inl(112) : see declaration of 'localtime'
     1>h:\csce315project\dvd_dbms.cpp(635): warning C4996: 'localtime': This function or variable may be unsafe. Consider using localtime_s instead. To disable deprecation, use _CRT_SECURE_NO_WARNINGS. See online help for details.
                 c:\program files (x86)\microsoft visual studio 10.0\vc\include\time.inl(112) : see declaration of 'localtime'
     1>h:\csce315project\dvd_dbms.cpp(664): warning C4996: 'localtime': This function or variable may be unsafe. Consider using localtime_s instead. To disable deprecation, use _CRT_SECURE_NO_WARNINGS. See online help for details.
                 c:\program files (x86)\microsoft visual studio 10.0\vc\include\time.inl(112) : see declaration of 'localtime'
     1>h:\csce315project\dvd_dbms.cpp(713): warning C4390: ';' : empty controlled statement found; is this the intent?
     1>h:\csce315project\condconjcompop.h(125): warning C4715: 'Comparison::passes' : not all control paths return a value
     1>h:\csce315project\dbms.h(682): warning C4715: 'ParserEngine::ExecuteCommand' : not all control paths return a value
       Link:
         c:\Program Files (x86)\Microsoft Visual Studio 10.0\VC\bin\link.exe /ERRORREPORT:PROMPT /OUT:"H:\CSCE315Project\dbapp\Debug\dbapp.exe" /NOLOGO kernel32.lib user32.lib gdi32.lib winspool.lib comdlg32.lib advapi32.lib shell32.lib ole32.lib oleaut32.lib uuid.lib odbc32.lib odbccp32.lib /MANIFEST /ManifestFile:"Debug\dbapp.exe.intermediate.manifest" /MANIFESTUAC:"level='asInvoker' uiAccess='false'" /DEBUG /PDB:"H:\CSCE315Project\dbapp\Debug\dbapp.pdb" /TLBID:1 /DYNAMICBASE /NXCOMPAT /IMPLIB:"H:\CSCE315Project\dbapp\Debug\dbapp.lib" /MACHINE:X86 Debug\dvd_dbms.obj
         LINK : H:\CSCE315Project\dbapp\Debug\dbapp.exe not found or not built by the last incremental link; performing full link
         dbapp.vcxproj -> H:\CSCE315Project\dbapp\Debug\dbapp.exe
       Manifest:
         C:\Program Files (x86)\Microsoft SDKs\Windows\v7.0A\bin\mt.exe /nologo /verbose /outputresource:"H:\CSCE315Project\dbapp\Debug\dbapp.exe;#1" /manifest Debug\dbapp.exe.intermediate.manifest
       FinalizeBuildStatus:
         Deleting file "Debug\dbapp.unsuccessfulbuild".
         Touching "Debug\dbapp.lastbuildstate".
     1>Done Building Project "H:\CSCE315Project\dbapp\dbapp\dbapp.vcxproj" (build target(s)).

Build succeeded.

Time Elapsed 00:00:08.02
