Build started 6/12/2012 3:54:23 AM.
     1>Project "C:\Users\Dad\Desktop\CSCE315Project\dbapp\dbapp\dbapp.vcxproj" on node 2 (build target(s)).
     1>InitializeBuildStatus:
         Creating "Debug\dbapp.unsuccessfulbuild" because "AlwaysCreate" was specified.
       ClCompile:
         c:\Program Files (x86)\Microsoft Visual Studio 10.0\VC\bin\CL.exe /c /ZI /nologo /W3 /WX- /Od /Oy- /Gm /EHsc /RTC1 /MDd /GS /fp:precise /Zc:wchar_t /Zc:forScope /Fo"Debug\\" /Fd"Debug\vc100.pdb" /Gd /TP /analyze- /errorReport:prompt ..\..\dvd_dbms.cpp
         dvd_dbms.cpp
     1>c:\users\dad\desktop\csce315project\attribute.h(68): warning C4018: '<' : signed/unsigned mismatch
     1>c:\users\dad\desktop\csce315project\attribute.h(69): warning C4018: '<' : signed/unsigned mismatch
     1>c:\users\dad\desktop\csce315project\relation.h(50): warning C4018: '<' : signed/unsigned mismatch
     1>c:\users\dad\desktop\csce315project\relation.h(64): warning C4018: '<' : signed/unsigned mismatch
     1>c:\users\dad\desktop\csce315project\relation.h(72): warning C4018: '<' : signed/unsigned mismatch
     1>c:\users\dad\desktop\csce315project\relation.h(105): warning C4018: '<' : signed/unsigned mismatch
     1>c:\users\dad\desktop\csce315project\relation.h(117): warning C4018: '<' : signed/unsigned mismatch
     1>c:\users\dad\desktop\csce315project\relation.h(145): warning C4018: '<' : signed/unsigned mismatch
     1>c:\users\dad\desktop\csce315project\relation.h(150): warning C4018: '<' : signed/unsigned mismatch
     1>c:\users\dad\desktop\csce315project\relation.h(151): warning C4018: '<' : signed/unsigned mismatch
     1>c:\users\dad\desktop\csce315project\relation.h(163): warning C4018: '<' : signed/unsigned mismatch
     1>c:\users\dad\desktop\csce315project\relation.h(201): warning C4018: '<' : signed/unsigned mismatch
     1>c:\users\dad\desktop\csce315project\relation.h(237): warning C4101: 'equal' : unreferenced local variable
     1>c:\users\dad\desktop\csce315project\relation.h(252): warning C4018: '<' : signed/unsigned mismatch
     1>c:\users\dad\desktop\csce315project\relation.h(256): warning C4018: '<' : signed/unsigned mismatch
     1>c:\users\dad\desktop\csce315project\relation.h(272): warning C4018: '<' : signed/unsigned mismatch
     1>c:\users\dad\desktop\csce315project\relation.h(276): warning C4018: '<' : signed/unsigned mismatch
     1>c:\users\dad\desktop\csce315project\relation.h(290): warning C4018: '<' : signed/unsigned mismatch
     1>c:\users\dad\desktop\csce315project\relation.h(302): warning C4018: '<' : signed/unsigned mismatch
     1>c:\users\dad\desktop\csce315project\relation.h(304): warning C4018: '<' : signed/unsigned mismatch
     1>c:\users\dad\desktop\csce315project\relation.h(325): warning C4018: '<' : signed/unsigned mismatch
     1>c:\users\dad\desktop\csce315project\relation.h(331): warning C4018: '<' : signed/unsigned mismatch
     1>c:\users\dad\desktop\csce315project\relation.h(342): warning C4018: '<' : signed/unsigned mismatch
     1>c:\users\dad\desktop\csce315project\relation.h(344): warning C4018: '<' : signed/unsigned mismatch
     1>c:\users\dad\desktop\csce315project\relation.h(378): warning C4018: '<' : signed/unsigned mismatch
     1>c:\users\dad\desktop\csce315project\relation.h(382): warning C4018: '<' : signed/unsigned mismatch
     1>c:\users\dad\desktop\csce315project\relation.h(390): warning C4101: 'index' : unreferenced local variable
     1>c:\users\dad\desktop\csce315project\dbms.h(176): warning C4101: 'currentChar' : unreferenced local variable
     1>c:\users\dad\desktop\csce315project\dbms.h(222): warning C4018: '<' : signed/unsigned mismatch
     1>c:\users\dad\desktop\csce315project\dbms.h(362): warning C4101: 'currentChar' : unreferenced local variable
     1>c:\users\dad\desktop\csce315project\dbms.h(402): warning C4101: 'currentChar' : unreferenced local variable
     1>c:\users\dad\desktop\csce315project\dbms.h(859): warning C4018: '<' : signed/unsigned mismatch
     1>c:\users\dad\desktop\csce315project\dbms.h(880): warning C4018: '<' : signed/unsigned mismatch
     1>c:\users\dad\desktop\csce315project\dbms.h(932): warning C4018: '>=' : signed/unsigned mismatch
     1>c:\users\dad\desktop\csce315project\dbms.h(1096): warning C4018: '<' : signed/unsigned mismatch
     1>c:\users\dad\desktop\csce315project\dbms.h(1172): warning C4018: '<' : signed/unsigned mismatch
     1>c:\users\dad\desktop\csce315project\dbms.h(1588): warning C4018: '<' : signed/unsigned mismatch
     1>c:\users\dad\desktop\csce315project\dbms.h(1595): warning C4018: '<' : signed/unsigned mismatch
     1>c:\users\dad\desktop\csce315project\dvd_dbms.cpp(177): warning C4244: 'argument' : conversion from 'time_t' to 'int', possible loss of data
     1>c:\users\dad\desktop\csce315project\dvd_dbms.cpp(177): warning C4996: 'itoa': The POSIX name for this item is deprecated. Instead, use the ISO C++ conformant name: _itoa. See online help for details.
                 c:\program files (x86)\microsoft visual studio 10.0\vc\include\stdlib.h(867) : see declaration of 'itoa'
     1>c:\users\dad\desktop\csce315project\dvd_dbms.cpp(297): warning C4390: ';' : empty controlled statement found; is this the intent?
     1>c:\users\dad\desktop\csce315project\dvd_dbms.cpp(349): warning C4244: 'argument' : conversion from 'time_t' to 'int', possible loss of data
     1>c:\users\dad\desktop\csce315project\dvd_dbms.cpp(349): warning C4996: 'itoa': The POSIX name for this item is deprecated. Instead, use the ISO C++ conformant name: _itoa. See online help for details.
                 c:\program files (x86)\microsoft visual studio 10.0\vc\include\stdlib.h(867) : see declaration of 'itoa'
     1>c:\users\dad\desktop\csce315project\dvd_dbms.cpp(458): warning C4390: ';' : empty controlled statement found; is this the intent?
     1>c:\users\dad\desktop\csce315project\dvd_dbms.cpp(564): warning C4996: 'localtime': This function or variable may be unsafe. Consider using localtime_s instead. To disable deprecation, use _CRT_SECURE_NO_WARNINGS. See online help for details.
                 c:\program files (x86)\microsoft visual studio 10.0\vc\include\time.inl(112) : see declaration of 'localtime'
     1>c:\users\dad\desktop\csce315project\dvd_dbms.cpp(566): warning C4996: 'localtime': This function or variable may be unsafe. Consider using localtime_s instead. To disable deprecation, use _CRT_SECURE_NO_WARNINGS. See online help for details.
                 c:\program files (x86)\microsoft visual studio 10.0\vc\include\time.inl(112) : see declaration of 'localtime'
     1>c:\users\dad\desktop\csce315project\dvd_dbms.cpp(591): warning C4996: 'localtime': This function or variable may be unsafe. Consider using localtime_s instead. To disable deprecation, use _CRT_SECURE_NO_WARNINGS. See online help for details.
                 c:\program files (x86)\microsoft visual studio 10.0\vc\include\time.inl(112) : see declaration of 'localtime'
     1>c:\users\dad\desktop\csce315project\dvd_dbms.cpp(634): warning C4390: ';' : empty controlled statement found; is this the intent?
     1>c:\users\dad\desktop\csce315project\dbms.h(809): warning C4700: uninitialized local variable 'nul' used
       Link:
         c:\Program Files (x86)\Microsoft Visual Studio 10.0\VC\bin\link.exe /ERRORREPORT:PROMPT /OUT:"C:\Users\Dad\Desktop\CSCE315Project\dbapp\Debug\dbapp.exe" /NOLOGO kernel32.lib user32.lib gdi32.lib winspool.lib comdlg32.lib advapi32.lib shell32.lib ole32.lib oleaut32.lib uuid.lib odbc32.lib odbccp32.lib /MANIFEST /ManifestFile:"Debug\dbapp.exe.intermediate.manifest" /MANIFESTUAC:"level='asInvoker' uiAccess='false'" /DEBUG /PDB:"C:\Users\Dad\Desktop\CSCE315Project\dbapp\Debug\dbapp.pdb" /TLBID:1 /DYNAMICBASE /NXCOMPAT /IMPLIB:"C:\Users\Dad\Desktop\CSCE315Project\dbapp\Debug\dbapp.lib" /MACHINE:X86 Debug\dvd_dbms.obj
         LINK : C:\Users\Dad\Desktop\CSCE315Project\dbapp\Debug\dbapp.exe not found or not built by the last incremental link; performing full link
         dbapp.vcxproj -> C:\Users\Dad\Desktop\CSCE315Project\dbapp\Debug\dbapp.exe
       Manifest:
         C:\Program Files (x86)\Microsoft SDKs\Windows\v7.0A\bin\mt.exe /nologo /verbose /outputresource:"C:\Users\Dad\Desktop\CSCE315Project\dbapp\Debug\dbapp.exe;#1" /manifest Debug\dbapp.exe.intermediate.manifest
       FinalizeBuildStatus:
         Deleting file "Debug\dbapp.unsuccessfulbuild".
         Touching "Debug\dbapp.lastbuildstate".
     1>Done Building Project "C:\Users\Dad\Desktop\CSCE315Project\dbapp\dbapp\dbapp.vcxproj" (build target(s)).

Build succeeded.

Time Elapsed 00:00:04.05
